\BOOKMARK [0][-]{section*.1}{\376\377\000D\000e\000c\000l\000a\000r\000a\000t\000i\000o\000n\000\040\000o\000f\000\040\000A\000u\000t\000h\000o\000r\000s\000h\000i\000p}{}% 1
\BOOKMARK [0][-]{section*.2}{\376\377\000A\000b\000s\000t\000r\000a\000c\000t}{}% 2
\BOOKMARK [0][-]{section*.3}{\376\377\000A\000c\000k\000n\000o\000w\000l\000e\000d\000g\000e\000m\000e\000n\000t\000s}{}% 3
\BOOKMARK [0][-]{chapter.10}{\376\377\000I\000n\000t\000r\000o\000d\000u\000c\000t\000i\000o\000n}{}% 4
\BOOKMARK [0][-]{chapter.11}{\376\377\000B\000a\000c\000k\000g\000r\000o\000u\000n\000d\000\040\000o\000v\000e\000r\000v\000i\000e\000w}{}% 5
\BOOKMARK [1][-]{section.12}{\376\377\000H\000i\000s\000t\000o\000r\000y}{chapter.11}% 6
\BOOKMARK [1][-]{section.15}{\376\377\000R\000e\000i\000n\000f\000o\000r\000c\000e\000m\000e\000n\000t\000\040\000L\000e\000a\000r\000n\000i\000n\000g}{chapter.11}% 7
\BOOKMARK [2][-]{subsection.16}{\376\377\000M\000a\000r\000k\000o\000v\000\040\000D\000e\000c\000i\000s\000i\000o\000n\000\040\000P\000r\000o\000c\000e\000s\000s}{section.15}% 8
\BOOKMARK [2][-]{subsection.17}{\376\377\000E\000x\000p\000l\000o\000r\000a\000t\000i\000o\000n\000\040\000a\000n\000d\000\040\000e\000x\000p\000l\000o\000i\000t\000a\000t\000i\000o\000n\000\040\000d\000i\000l\000e\000m\000m\000a}{section.15}% 9
\BOOKMARK [2][-]{subsection.18}{\376\377\000E\000p\000s\000i\000l\000o\000n\000-\000g\000r\000e\000e\000d\000y\000\040\000a\000p\000p\000r\000o\000a\000c\000h}{section.15}% 10
\BOOKMARK [2][-]{subsection.19}{\376\377\000U\000p\000p\000e\000r\000-\000c\000o\000n\000f\000i\000d\000e\000n\000c\000e\000\040\000b\000o\000u\000n\000d}{section.15}% 11
\BOOKMARK [2][-]{subsection.20}{\376\377\000D\000e\000e\000p\000\040\000Q\000\040\000L\000e\000a\000r\000n\000i\000n\000g}{section.15}% 12
\BOOKMARK [1][-]{section.21}{\376\377\000I\000m\000a\000g\000e\000\040\000c\000l\000a\000s\000s\000i\000f\000i\000c\000a\000t\000i\000o\000n\000\040\000p\000r\000o\000b\000l\000e\000m}{chapter.11}% 13
\BOOKMARK [1][-]{section.22}{\376\377\000C\000o\000n\000v\000o\000l\000u\000t\000i\000o\000n\000a\000l\000\040\000N\000e\000u\000r\000a\000l\000\040\000N\000e\000t\000w\000o\000r\000k\000s}{chapter.11}% 14
\BOOKMARK [1][-]{section.24}{\376\377\000G\000a\000u\000s\000s\000i\000a\000n\000\040\000D\000i\000s\000t\000r\000i\000b\000u\000t\000i\000o\000n\000\040\000a\000n\000d\000\040\000M\000L\000E\000\040}{chapter.11}% 15
\BOOKMARK [0][-]{chapter.25}{\376\377\000P\000r\000o\000p\000o\000s\000e\000d\000\040\000a\000p\000p\000r\000o\000a\000c\000h}{}% 16
\BOOKMARK [1][-]{section.26}{\376\377\000R\000L\000\040\000a\000g\000e\000n\000t}{chapter.25}% 17
\BOOKMARK [2][-]{subsection.28}{\376\377\000E\000x\000p\000l\000o\000r\000a\000t\000i\000o\000n\000\040\000a\000n\000d\000\040\000e\000x\000p\000l\000o\000i\000t\000a\000t\000i\000o\000n}{section.26}% 18
\BOOKMARK [1][-]{section.29}{\376\377\000M\000a\000s\000t\000e\000r\000\040\000C\000N\000N}{chapter.25}% 19
\BOOKMARK [2][-]{subsection.30}{\376\377\000G\000a\000u\000s\000s\000i\000a\000n\000\040\000l\000a\000y\000e\000r}{section.29}% 20
\BOOKMARK [1][-]{section.31}{\376\377\000S\000l\000a\000v\000e\000\040\000C\000N\000N}{chapter.25}% 21
\BOOKMARK [0][-]{chapter.33}{\376\377\000E\000x\000p\000e\000r\000i\000m\000e\000n\000t\000s}{}% 22
\BOOKMARK [1][-]{section.34}{\376\377\000D\000a\000t\000a\000s\000e\000t\000s}{chapter.33}% 23
\BOOKMARK [1][-]{section.37}{\376\377\000M\000e\000t\000r\000i\000c\000s}{chapter.33}% 24
\BOOKMARK [1][-]{section.39}{\376\377\000E\000n\000v\000i\000r\000o\000n\000m\000e\000n\000t\000\040\000a\000n\000d\000\040\000t\000r\000a\000i\000n\000i\000n\000g}{chapter.33}% 25
\BOOKMARK [1][-]{section.41}{\376\377\000R\000e\000s\000u\000l\000t\000s}{chapter.33}% 26
\BOOKMARK [0][-]{chapter.48}{\376\377\000C\000o\000n\000c\000l\000u\000s\000i\000o\000n}{}% 27
\BOOKMARK [0][-]{appendix.49}{\376\377\000A\000p\000p\000e\000n\000d\000i\000x\000\040\000A}{}% 28
\BOOKMARK [1][-]{section.50}{\376\377\000R\000e\000p\000r\000o\000d\000u\000c\000i\000b\000i\000l\000i\000t\000y\000\040\000a\000n\000d\000\040\000r\000a\000n\000d\000o\000m\000\040\000s\000e\000e\000d}{appendix.49}% 29
